[2025-08-23 08:58:33] Query executed for username: admin
[2025-08-23 08:58:33] No user found for username: admin
[2025-08-23 09:31:25] Query executed for username: admin
[2025-08-23 09:31:25] No user found for username: admin
[2025-08-23 09:31:36] Query executed for username: admin1
[2025-08-23 09:31:36] No user found for username: admin1
[2025-08-23 09:43:39] Query executed for username: admin1
[2025-08-23 09:43:39] No user found for username: admin1
[2025-08-23 09:43:44] Query executed for username: admin
[2025-08-23 09:43:44] No user found for username: admin
[2025-08-23 09:43:46] Query executed for username: admin
[2025-08-23 09:43:46] No user found for username: admin
[2025-08-23 09:48:06] Query executed for username: admin
[2025-08-23 09:48:06] No user found for username: admin
[2025-08-23 09:48:42] Query executed for username: admin
[2025-08-23 09:48:42] Found user: admin, stored pass: 12345
[2025-08-23 09:48:42] Login successful for admin
[2025-08-23 09:49:28] Query executed for username: admin
[2025-08-23 09:49:28] Found user: admin, stored pass: 12345
[2025-08-23 09:49:28] Login successful for admin
[2025-08-23 15:40:23] Query executed for username: admin
[2025-08-23 15:40:23] Found user: admin, stored pass: 12345
[2025-08-23 15:40:23] Login successful for admin
[2025-08-23 15:51:16] Query executed for username: admin
[2025-08-23 15:51:16] Found user: admin, stored pass: 12345
[2025-08-23 15:51:16] Login successful for admin
[2025-08-23 17:16:40] Query executed for username: admin
[2025-08-23 17:16:41] Found user: admin, stored pass: 12345
[2025-08-23 17:16:41] Login successful for admin
[2025-08-23 17:41:17] Query executed for username: admin2
[2025-08-23 17:41:17] Found user: admin2, stored pass: 775bc5c30e27f0e562115d136e7f7edbd3cead89
[2025-08-23 17:41:17] Password verification failed for admin2
[2025-08-23 17:41:19] Query executed for username: admin
[2025-08-23 17:41:19] Found user: admin, stored pass: 12345
[2025-08-23 17:41:19] Login successful for admin
[2025-08-23 17:45:12] Query executed for username: admin
[2025-08-23 17:45:12] Found user: admin, stored pass: 12345
[2025-08-23 17:45:12] Login successful for admin
[2025-08-23 18:19:48] Query executed for username: admin
[2025-08-23 18:19:48] Found user: admin, stored pass: 12345
[2025-08-23 18:19:48] Login successful for admin
[2025-08-23 18:26:48] Query executed for username: admin
[2025-08-23 18:26:48] Found user: admin, stored pass: 12345
[2025-08-23 18:26:48] Login successful for admin
[2025-08-23 18:28:19] Query executed for username: admin
[2025-08-23 18:28:19] Found user: admin, stored pass: 12345
[2025-08-23 18:28:19] Login successful for admin
[2025-08-23 18:46:10] CSRF token mismatch
[2025-08-23 18:46:14] Query executed for username: admin
[2025-08-23 18:46:14] Found user: admin, stored pass: 12345
[2025-08-23 18:46:14] Login successful for admin
[2025-08-23 19:50:32] Query executed for username: admin
[2025-08-23 19:50:32] Found user: admin, stored pass: 12345
[2025-08-23 19:50:32] Login successful for admin
[2025-08-23 20:22:15] Query executed for username: admin
[2025-08-23 20:22:15] Found user: admin, stored pass: 12345
[2025-08-23 20:22:15] Login successful for admin
[2025-08-25 07:50:13] Query executed for username: admin
[2025-08-25 07:50:13] Found user: admin, stored pass: 12345
[2025-08-25 07:50:13] Login successful for admin
[2025-08-25 07:51:13] Query executed for username: admin
[2025-08-25 07:51:13] Found user: admin, stored pass: 12345
[2025-08-25 07:51:13] Login successful for admin
[2025-08-25 08:08:13] Query executed for username: admin
[2025-08-25 08:08:14] Found user: admin, stored pass: 12345
[2025-08-25 08:08:14] Login successful for admin
[2025-08-27 15:36:24] Query executed for username: admin
[2025-08-27 15:36:24] Found user: admin, stored pass: 12345
[2025-08-27 15:36:24] Login successful for admin
[2025-08-30 19:07:35] Query executed for username: admin
[2025-08-30 19:07:35] Found user: admin, stored pass: 12345
[2025-08-30 19:07:35] Login successful for admin
[2025-08-31 03:55:09] Query executed for username: admin
[2025-08-31 03:55:09] Found user: admin, stored pass: 12345
[2025-08-31 03:55:09] Login successful for admin
[2025-08-31 04:12:39] Query executed for username: admin
[2025-08-31 04:12:39] Found user: admin, stored pass: 12345
[2025-08-31 04:12:39] Login successful for admin
[2025-08-31 07:28:19] Query executed for username: admin
[2025-08-31 07:28:19] Found user: admin, stored pass: 12345
[2025-08-31 07:28:19] Login successful for admin
[2025-08-31 10:14:05] Query executed for username: admin
[2025-08-31 10:14:05] Found user: admin, stored pass: 12345
[2025-08-31 10:14:05] Login successful for admin
[2025-08-31 10:17:53] Query executed for username: admin
[2025-08-31 10:17:53] Found user: admin, stored pass: 12345
[2025-08-31 10:17:53] Login successful for admin
[2025-08-31 11:55:32] Query executed for username: admin
[2025-08-31 11:55:32] Found user: admin, stored pass: 12345
[2025-08-31 11:55:32] Login successful for admin
